<?xml version="1.0" encoding="UTF-8"?>
<!-- Generated by org.testng.reporters.JUnitXMLReporter -->
<testsuite ignored="0" hostname="LAPTOP-34RV87CD" failures="0" tests="21" name="Default test" time="164.456" errors="0" timestamp="2024-03-25T21:48:02 IST">
  <testcase classname="Task3.Task3.RegisterTest" name="fillDetails" time="6.934"/>
  <testcase classname="Task3.Task3.RegisterTest" name="fillDetails" time="9.571"/>
  <testcase classname="Task3.Task3.RegisterTest" name="fillDetails" time="6.961"/>
  <testcase classname="Task3.Task3.RegisterTest" name="fillDetails" time="6.446"/>
  <testcase classname="Task3.Task3.RegisterTest" name="fillDetails" time="9.585"/>
  <testcase classname="Task3.Task3.RegisterTest" name="fillDetails" time="6.574"/>
  <testcase classname="Task3.Task3.RegisterTest" name="fillDetails" time="7.905"/>
  <testcase classname="Task3.Task3.RegisterTest" name="fillDetails" time="7.754"/>
  <testcase classname="Task3.Task3.RegisterTest" name="fillDetails" time="7.983"/>
  <testcase classname="Task3.Task3.RegisterTest" name="fillDetails" time="6.717"/>
  <testcase classname="Task3.Task3.RegisterTest" name="fillDetails" time="6.624"/>
  <testcase classname="Task3.Task3.RegisterTest" name="fillDetails" time="10.706"/>
  <testcase classname="Task3.Task3.RegisterTest" name="fillDetails" time="7.687"/>
  <testcase classname="Task3.Task3.RegisterTest" name="fillDetails" time="8.149"/>
  <testcase classname="Task3.Task3.RegisterTest" name="fillDetails" time="6.869"/>
  <testcase classname="Task3.Task3.RegisterTest" name="fillDetails" time="6.593"/>
  <testcase classname="Task3.Task3.RegisterTest" name="fillDetails" time="7.036"/>
  <testcase classname="Task3.Task3.RegisterTest" name="fillDetails" time="10.168"/>
  <testcase classname="Task3.Task3.RegisterTest" name="fillDetails" time="8.845"/>
  <testcase classname="Task3.Task3.RegisterTest" name="fillDetails" time="7.701"/>
  <testcase classname="Task3.Task3.RegisterTest" name="fillDetails" time="7.451"/>
</testsuite> <!-- Default test -->
