<?xml version="1.0" encoding="UTF-8"?>
<testng-results ignored="0" total="21" passed="21" failed="0" skipped="0">
  <reporter-output>
  </reporter-output>
  <suite started-at="2024-03-25T21:45:18 IST" name="Default suite" finished-at="2024-03-25T21:48:02 IST" duration-ms="164456">
    <groups>
    </groups>
    <test started-at="2024-03-25T21:45:18 IST" name="Default test" finished-at="2024-03-25T21:48:02 IST" duration-ms="164456">
      <class name="Task3.Task3.RegisterTest">
        <test-method signature="fillDetails(java.lang.String,java.lang.String,java.lang.String,java.lang.String,java.lang.String,java.lang.String,java.lang.String,java.lang.String,java.lang.String,java.lang.String,java.lang.String,java.lang.String)[pri:0, instance:Task3.Task3.RegisterTest@36902638]" started-at="2024-03-25T21:45:18 IST" name="fillDetails" data-provider="testdata" finished-at="2024-03-25T21:45:25 IST" duration-ms="6934" status="PASS">
          <params>
            <param index="0">
              <value>
                <![CDATA[UserID]]>
              </value>
            </param>
            <param index="1">
              <value>
                <![CDATA[alphanumeric]]>
              </value>
            </param>
            <param index="2">
              <value>
                <![CDATA[name]]>
              </value>
            </param>
            <param index="3">
              <value>
                <![CDATA[last name]]>
              </value>
            </param>
            <param index="4">
              <value>
                <![CDATA[email]]>
              </value>
            </param>
            <param index="5">
              <value>
                <![CDATA[phone]]>
              </value>
            </param>
            <param index="6">
              <value>
                <![CDATA[Streetaddress]]>
              </value>
            </param>
            <param index="7">
              <value>
                <![CDATA[Street-address2]]>
              </value>
            </param>
            <param index="8">
              <value>
                <![CDATA[city]]>
              </value>
            </param>
            <param index="9">
              <value>
                <![CDATA[State]]>
              </value>
            </param>
            <param index="10">
              <value>
                <![CDATA[postalZip]]>
              </value>
            </param>
            <param index="11">
              <value>
                <![CDATA[country]]>
              </value>
            </param>
          </params>
          <reporter-output>
          </reporter-output>
        </test-method> <!-- fillDetails -->
        <test-method signature="fillDetails(java.lang.String,java.lang.String,java.lang.String,java.lang.String,java.lang.String,java.lang.String,java.lang.String,java.lang.String,java.lang.String,java.lang.String,java.lang.String,java.lang.String)[pri:0, instance:Task3.Task3.RegisterTest@36902638]" started-at="2024-03-25T21:45:25 IST" name="fillDetails" data-provider="testdata" finished-at="2024-03-25T21:45:34 IST" duration-ms="9571" status="PASS">
          <params>
            <param index="0">
              <value>
                <![CDATA[4548]]>
              </value>
            </param>
            <param index="1">
              <value>
                <![CDATA[TBJ29SOB6TR]]>
              </value>
            </param>
            <param index="2">
              <value>
                <![CDATA[Zoe]]>
              </value>
            </param>
            <param index="3">
              <value>
                <![CDATA[Baxter]]>
              </value>
            </param>
            <param index="4">
              <value>
                <![CDATA[diam.vel.arcu@aol.edu]]>
              </value>
            </param>
            <param index="5">
              <value>
                <![CDATA[135-8466]]>
              </value>
            </param>
            <param index="6">
              <value>
                <![CDATA[Ap #483-2395 A Avenue]]>
              </value>
            </param>
            <param index="7">
              <value>
                <![CDATA["642-6080 Nec]]>
              </value>
            </param>
            <param index="8">
              <value>
                <![CDATA[ Rd."]]>
              </value>
            </param>
            <param index="9">
              <value>
                <![CDATA[Kemerovo]]>
              </value>
            </param>
            <param index="10">
              <value>
                <![CDATA[Northwest Territories]]>
              </value>
            </param>
            <param index="11">
              <value>
                <![CDATA[55993]]>
              </value>
            </param>
          </params>
          <reporter-output>
          </reporter-output>
        </test-method> <!-- fillDetails -->
        <test-method signature="fillDetails(java.lang.String,java.lang.String,java.lang.String,java.lang.String,java.lang.String,java.lang.String,java.lang.String,java.lang.String,java.lang.String,java.lang.String,java.lang.String,java.lang.String)[pri:0, instance:Task3.Task3.RegisterTest@36902638]" started-at="2024-03-25T21:45:34 IST" name="fillDetails" data-provider="testdata" finished-at="2024-03-25T21:45:41 IST" duration-ms="6961" status="PASS">
          <params>
            <param index="0">
              <value>
                <![CDATA[1583]]>
              </value>
            </param>
            <param index="1">
              <value>
                <![CDATA[WWO69HVS5IR]]>
              </value>
            </param>
            <param index="2">
              <value>
                <![CDATA[Wallace]]>
              </value>
            </param>
            <param index="3">
              <value>
                <![CDATA[Jared]]>
              </value>
            </param>
            <param index="4">
              <value>
                <![CDATA[morbi.vehicula@google.com]]>
              </value>
            </param>
            <param index="5">
              <value>
                <![CDATA[1-852-750-7214]]>
              </value>
            </param>
            <param index="6">
              <value>
                <![CDATA["P.O. Box 437]]>
              </value>
            </param>
            <param index="7">
              <value>
                <![CDATA[ 2849 Egestas Rd."]]>
              </value>
            </param>
            <param index="8">
              <value>
                <![CDATA[Ap #797-7973 Lectus St.]]>
              </value>
            </param>
            <param index="9">
              <value>
                <![CDATA[Pacasmayo]]>
              </value>
            </param>
            <param index="10">
              <value>
                <![CDATA[Heredia]]>
              </value>
            </param>
            <param index="11">
              <value>
                <![CDATA[03785]]>
              </value>
            </param>
          </params>
          <reporter-output>
          </reporter-output>
        </test-method> <!-- fillDetails -->
        <test-method signature="fillDetails(java.lang.String,java.lang.String,java.lang.String,java.lang.String,java.lang.String,java.lang.String,java.lang.String,java.lang.String,java.lang.String,java.lang.String,java.lang.String,java.lang.String)[pri:0, instance:Task3.Task3.RegisterTest@36902638]" started-at="2024-03-25T21:45:41 IST" name="fillDetails" data-provider="testdata" finished-at="2024-03-25T21:45:48 IST" duration-ms="6446" status="PASS">
          <params>
            <param index="0">
              <value>
                <![CDATA[4033]]>
              </value>
            </param>
            <param index="1">
              <value>
                <![CDATA[YFN53FNB2PV]]>
              </value>
            </param>
            <param index="2">
              <value>
                <![CDATA[Rashad]]>
              </value>
            </param>
            <param index="3">
              <value>
                <![CDATA[Victoria]]>
              </value>
            </param>
            <param index="4">
              <value>
                <![CDATA[non@aol.edu]]>
              </value>
            </param>
            <param index="5">
              <value>
                <![CDATA[776-5783]]>
              </value>
            </param>
            <param index="6">
              <value>
                <![CDATA[3726 Dis Av.]]>
              </value>
            </param>
            <param index="7">
              <value>
                <![CDATA[476-2192 Elit. Road]]>
              </value>
            </param>
            <param index="8">
              <value>
                <![CDATA[Eisleben]]>
              </value>
            </param>
            <param index="9">
              <value>
                <![CDATA[Selkirkshire]]>
              </value>
            </param>
            <param index="10">
              <value>
                <![CDATA[35632]]>
              </value>
            </param>
            <param index="11">
              <value>
                <![CDATA[Mexico]]>
              </value>
            </param>
          </params>
          <reporter-output>
          </reporter-output>
        </test-method> <!-- fillDetails -->
        <test-method signature="fillDetails(java.lang.String,java.lang.String,java.lang.String,java.lang.String,java.lang.String,java.lang.String,java.lang.String,java.lang.String,java.lang.String,java.lang.String,java.lang.String,java.lang.String)[pri:0, instance:Task3.Task3.RegisterTest@36902638]" started-at="2024-03-25T21:45:48 IST" name="fillDetails" data-provider="testdata" finished-at="2024-03-25T21:45:57 IST" duration-ms="9585" status="PASS">
          <params>
            <param index="0">
              <value>
                <![CDATA[1435]]>
              </value>
            </param>
            <param index="1">
              <value>
                <![CDATA[ULP32CCJ7HP]]>
              </value>
            </param>
            <param index="2">
              <value>
                <![CDATA[Sawyer]]>
              </value>
            </param>
            <param index="3">
              <value>
                <![CDATA[Jason]]>
              </value>
            </param>
            <param index="4">
              <value>
                <![CDATA[neque.nullam@hotmail.net]]>
              </value>
            </param>
            <param index="5">
              <value>
                <![CDATA[1-616-424-8038]]>
              </value>
            </param>
            <param index="6">
              <value>
                <![CDATA[Ap #222-2411 Mauris Street]]>
              </value>
            </param>
            <param index="7">
              <value>
                <![CDATA[102-177 Arcu St.]]>
              </value>
            </param>
            <param index="8">
              <value>
                <![CDATA[Oslo]]>
              </value>
            </param>
            <param index="9">
              <value>
                <![CDATA[Victoria]]>
              </value>
            </param>
            <param index="10">
              <value>
                <![CDATA[63473]]>
              </value>
            </param>
            <param index="11">
              <value>
                <![CDATA[Norway]]>
              </value>
            </param>
          </params>
          <reporter-output>
          </reporter-output>
        </test-method> <!-- fillDetails -->
        <test-method signature="fillDetails(java.lang.String,java.lang.String,java.lang.String,java.lang.String,java.lang.String,java.lang.String,java.lang.String,java.lang.String,java.lang.String,java.lang.String,java.lang.String,java.lang.String)[pri:0, instance:Task3.Task3.RegisterTest@36902638]" started-at="2024-03-25T21:45:57 IST" name="fillDetails" data-provider="testdata" finished-at="2024-03-25T21:46:04 IST" duration-ms="6574" status="PASS">
          <params>
            <param index="0">
              <value>
                <![CDATA[3739]]>
              </value>
            </param>
            <param index="1">
              <value>
                <![CDATA[XOT67HPO0NS]]>
              </value>
            </param>
            <param index="2">
              <value>
                <![CDATA[Dolan]]>
              </value>
            </param>
            <param index="3">
              <value>
                <![CDATA[Raphael]]>
              </value>
            </param>
            <param index="4">
              <value>
                <![CDATA[augue.porttitor@aol.edu]]>
              </value>
            </param>
            <param index="5">
              <value>
                <![CDATA[1-868-332-6882]]>
              </value>
            </param>
            <param index="6">
              <value>
                <![CDATA[563-8177 Suspendisse Ave]]>
              </value>
            </param>
            <param index="7">
              <value>
                <![CDATA[687-5569 Tempor Avenue]]>
              </value>
            </param>
            <param index="8">
              <value>
                <![CDATA[Quilaco]]>
              </value>
            </param>
            <param index="9">
              <value>
                <![CDATA[Sindh]]>
              </value>
            </param>
            <param index="10">
              <value>
                <![CDATA[32375]]>
              </value>
            </param>
            <param index="11">
              <value>
                <![CDATA[Canada]]>
              </value>
            </param>
          </params>
          <reporter-output>
          </reporter-output>
        </test-method> <!-- fillDetails -->
        <test-method signature="fillDetails(java.lang.String,java.lang.String,java.lang.String,java.lang.String,java.lang.String,java.lang.String,java.lang.String,java.lang.String,java.lang.String,java.lang.String,java.lang.String,java.lang.String)[pri:0, instance:Task3.Task3.RegisterTest@36902638]" started-at="2024-03-25T21:46:04 IST" name="fillDetails" data-provider="testdata" finished-at="2024-03-25T21:46:12 IST" duration-ms="7905" status="PASS">
          <params>
            <param index="0">
              <value>
                <![CDATA[2331]]>
              </value>
            </param>
            <param index="1">
              <value>
                <![CDATA[WYS57GPI2BB]]>
              </value>
            </param>
            <param index="2">
              <value>
                <![CDATA[Walker]]>
              </value>
            </param>
            <param index="3">
              <value>
                <![CDATA[Alyssa]]>
              </value>
            </param>
            <param index="4">
              <value>
                <![CDATA[vel.arcu.curabitur@google.net]]>
              </value>
            </param>
            <param index="5">
              <value>
                <![CDATA[885-0623]]>
              </value>
            </param>
            <param index="6">
              <value>
                <![CDATA["P.O. Box 119]]>
              </value>
            </param>
            <param index="7">
              <value>
                <![CDATA[ 3648 Erat Street"]]>
              </value>
            </param>
            <param index="8">
              <value>
                <![CDATA[777-7885 Ipsum St.]]>
              </value>
            </param>
            <param index="9">
              <value>
                <![CDATA[Rock Springs]]>
              </value>
            </param>
            <param index="10">
              <value>
                <![CDATA[Maranhão]]>
              </value>
            </param>
            <param index="11">
              <value>
                <![CDATA[34360]]>
              </value>
            </param>
          </params>
          <reporter-output>
          </reporter-output>
        </test-method> <!-- fillDetails -->
        <test-method signature="fillDetails(java.lang.String,java.lang.String,java.lang.String,java.lang.String,java.lang.String,java.lang.String,java.lang.String,java.lang.String,java.lang.String,java.lang.String,java.lang.String,java.lang.String)[pri:0, instance:Task3.Task3.RegisterTest@36902638]" started-at="2024-03-25T21:46:12 IST" name="fillDetails" data-provider="testdata" finished-at="2024-03-25T21:46:20 IST" duration-ms="7754" status="PASS">
          <params>
            <param index="0">
              <value>
                <![CDATA[3343]]>
              </value>
            </param>
            <param index="1">
              <value>
                <![CDATA[IFM76AAR8LM]]>
              </value>
            </param>
            <param index="2">
              <value>
                <![CDATA[Marshall]]>
              </value>
            </param>
            <param index="3">
              <value>
                <![CDATA[Reed]]>
              </value>
            </param>
            <param index="4">
              <value>
                <![CDATA[facilisi.sed@icloud.net]]>
              </value>
            </param>
            <param index="5">
              <value>
                <![CDATA[107-6432]]>
              </value>
            </param>
            <param index="6">
              <value>
                <![CDATA["P.O. Box 837]]>
              </value>
            </param>
            <param index="7">
              <value>
                <![CDATA[ 7070 Ut Rd."]]>
              </value>
            </param>
            <param index="8">
              <value>
                <![CDATA["4942 Vulputate]]>
              </value>
            </param>
            <param index="9">
              <value>
                <![CDATA[ Ave"]]>
              </value>
            </param>
            <param index="10">
              <value>
                <![CDATA[Lithgow]]>
              </value>
            </param>
            <param index="11">
              <value>
                <![CDATA[British Columbia]]>
              </value>
            </param>
          </params>
          <reporter-output>
          </reporter-output>
        </test-method> <!-- fillDetails -->
        <test-method signature="fillDetails(java.lang.String,java.lang.String,java.lang.String,java.lang.String,java.lang.String,java.lang.String,java.lang.String,java.lang.String,java.lang.String,java.lang.String,java.lang.String,java.lang.String)[pri:0, instance:Task3.Task3.RegisterTest@36902638]" started-at="2024-03-25T21:46:20 IST" name="fillDetails" data-provider="testdata" finished-at="2024-03-25T21:46:28 IST" duration-ms="7983" status="PASS">
          <params>
            <param index="0">
              <value>
                <![CDATA[1645]]>
              </value>
            </param>
            <param index="1">
              <value>
                <![CDATA[RED96ICH1FF]]>
              </value>
            </param>
            <param index="2">
              <value>
                <![CDATA[Emily]]>
              </value>
            </param>
            <param index="3">
              <value>
                <![CDATA[Keane]]>
              </value>
            </param>
            <param index="4">
              <value>
                <![CDATA[accumsan.laoreet@yahoo.ca]]>
              </value>
            </param>
            <param index="5">
              <value>
                <![CDATA[852-2604]]>
              </value>
            </param>
            <param index="6">
              <value>
                <![CDATA[Ap #592-808 Malesuada Road]]>
              </value>
            </param>
            <param index="7">
              <value>
                <![CDATA["P.O. Box 985]]>
              </value>
            </param>
            <param index="8">
              <value>
                <![CDATA[ 3044 Primis Avenue"]]>
              </value>
            </param>
            <param index="9">
              <value>
                <![CDATA[Gresham]]>
              </value>
            </param>
            <param index="10">
              <value>
                <![CDATA[Dalarnas län]]>
              </value>
            </param>
            <param index="11">
              <value>
                <![CDATA[0826]]>
              </value>
            </param>
          </params>
          <reporter-output>
          </reporter-output>
        </test-method> <!-- fillDetails -->
        <test-method signature="fillDetails(java.lang.String,java.lang.String,java.lang.String,java.lang.String,java.lang.String,java.lang.String,java.lang.String,java.lang.String,java.lang.String,java.lang.String,java.lang.String,java.lang.String)[pri:0, instance:Task3.Task3.RegisterTest@36902638]" started-at="2024-03-25T21:46:28 IST" name="fillDetails" data-provider="testdata" finished-at="2024-03-25T21:46:34 IST" duration-ms="6717" status="PASS">
          <params>
            <param index="0">
              <value>
                <![CDATA[4606]]>
              </value>
            </param>
            <param index="1">
              <value>
                <![CDATA[FGH73LVP7KG]]>
              </value>
            </param>
            <param index="2">
              <value>
                <![CDATA[Karleigh]]>
              </value>
            </param>
            <param index="3">
              <value>
                <![CDATA[Xanthus]]>
              </value>
            </param>
            <param index="4">
              <value>
                <![CDATA[duis@icloud.org]]>
              </value>
            </param>
            <param index="5">
              <value>
                <![CDATA[1-248-746-6786]]>
              </value>
            </param>
            <param index="6">
              <value>
                <![CDATA[Ap #238-7402 Bibendum St.]]>
              </value>
            </param>
            <param index="7">
              <value>
                <![CDATA["P.O. Box 633]]>
              </value>
            </param>
            <param index="8">
              <value>
                <![CDATA[ 4329 Dolor Avenue"]]>
              </value>
            </param>
            <param index="9">
              <value>
                <![CDATA[Toruń]]>
              </value>
            </param>
            <param index="10">
              <value>
                <![CDATA[South Chungcheong]]>
              </value>
            </param>
            <param index="11">
              <value>
                <![CDATA[376433]]>
              </value>
            </param>
          </params>
          <reporter-output>
          </reporter-output>
        </test-method> <!-- fillDetails -->
        <test-method signature="fillDetails(java.lang.String,java.lang.String,java.lang.String,java.lang.String,java.lang.String,java.lang.String,java.lang.String,java.lang.String,java.lang.String,java.lang.String,java.lang.String,java.lang.String)[pri:0, instance:Task3.Task3.RegisterTest@36902638]" started-at="2024-03-25T21:46:34 IST" name="fillDetails" data-provider="testdata" finished-at="2024-03-25T21:46:41 IST" duration-ms="6624" status="PASS">
          <params>
            <param index="0">
              <value>
                <![CDATA[1523]]>
              </value>
            </param>
            <param index="1">
              <value>
                <![CDATA[PRD89MOH2WJ]]>
              </value>
            </param>
            <param index="2">
              <value>
                <![CDATA[Reece]]>
              </value>
            </param>
            <param index="3">
              <value>
                <![CDATA[Phillip]]>
              </value>
            </param>
            <param index="4">
              <value>
                <![CDATA[gravida.praesent@icloud.ca]]>
              </value>
            </param>
            <param index="5">
              <value>
                <![CDATA[618-7049]]>
              </value>
            </param>
            <param index="6">
              <value>
                <![CDATA["927-4601 Et]]>
              </value>
            </param>
            <param index="7">
              <value>
                <![CDATA[ St."]]>
              </value>
            </param>
            <param index="8">
              <value>
                <![CDATA[178-5101 Est. Street]]>
              </value>
            </param>
            <param index="9">
              <value>
                <![CDATA[Bischofshofen]]>
              </value>
            </param>
            <param index="10">
              <value>
                <![CDATA[Bremen]]>
              </value>
            </param>
            <param index="11">
              <value>
                <![CDATA[515534]]>
              </value>
            </param>
          </params>
          <reporter-output>
          </reporter-output>
        </test-method> <!-- fillDetails -->
        <test-method signature="fillDetails(java.lang.String,java.lang.String,java.lang.String,java.lang.String,java.lang.String,java.lang.String,java.lang.String,java.lang.String,java.lang.String,java.lang.String,java.lang.String,java.lang.String)[pri:0, instance:Task3.Task3.RegisterTest@36902638]" started-at="2024-03-25T21:46:41 IST" name="fillDetails" data-provider="testdata" finished-at="2024-03-25T21:46:52 IST" duration-ms="10706" status="PASS">
          <params>
            <param index="0">
              <value>
                <![CDATA[1890]]>
              </value>
            </param>
            <param index="1">
              <value>
                <![CDATA[WAM24WIK7CL]]>
              </value>
            </param>
            <param index="2">
              <value>
                <![CDATA[Nasim]]>
              </value>
            </param>
            <param index="3">
              <value>
                <![CDATA[Jemima]]>
              </value>
            </param>
            <param index="4">
              <value>
                <![CDATA[nibh.lacinia@google.org]]>
              </value>
            </param>
            <param index="5">
              <value>
                <![CDATA[1-704-978-6385]]>
              </value>
            </param>
            <param index="6">
              <value>
                <![CDATA[Ap #788-1879 Morbi Ave]]>
              </value>
            </param>
            <param index="7">
              <value>
                <![CDATA["9482 Eu]]>
              </value>
            </param>
            <param index="8">
              <value>
                <![CDATA[ Av."]]>
              </value>
            </param>
            <param index="9">
              <value>
                <![CDATA[Kharmang]]>
              </value>
            </param>
            <param index="10">
              <value>
                <![CDATA[Cesar]]>
              </value>
            </param>
            <param index="11">
              <value>
                <![CDATA[627491]]>
              </value>
            </param>
          </params>
          <reporter-output>
          </reporter-output>
        </test-method> <!-- fillDetails -->
        <test-method signature="fillDetails(java.lang.String,java.lang.String,java.lang.String,java.lang.String,java.lang.String,java.lang.String,java.lang.String,java.lang.String,java.lang.String,java.lang.String,java.lang.String,java.lang.String)[pri:0, instance:Task3.Task3.RegisterTest@36902638]" started-at="2024-03-25T21:46:52 IST" name="fillDetails" data-provider="testdata" finished-at="2024-03-25T21:46:59 IST" duration-ms="7687" status="PASS">
          <params>
            <param index="0">
              <value>
                <![CDATA[2479]]>
              </value>
            </param>
            <param index="1">
              <value>
                <![CDATA[VHO81FUB6AF]]>
              </value>
            </param>
            <param index="2">
              <value>
                <![CDATA[Uta]]>
              </value>
            </param>
            <param index="3">
              <value>
                <![CDATA[Caldwell]]>
              </value>
            </param>
            <param index="4">
              <value>
                <![CDATA[rutrum.magna@outlook.couk]]>
              </value>
            </param>
            <param index="5">
              <value>
                <![CDATA[532-6411]]>
              </value>
            </param>
            <param index="6">
              <value>
                <![CDATA[4928 Nunc Rd.]]>
              </value>
            </param>
            <param index="7">
              <value>
                <![CDATA[134-2590 Odio. Rd.]]>
              </value>
            </param>
            <param index="8">
              <value>
                <![CDATA[Cork]]>
              </value>
            </param>
            <param index="9">
              <value>
                <![CDATA[Styria]]>
              </value>
            </param>
            <param index="10">
              <value>
                <![CDATA[1589]]>
              </value>
            </param>
            <param index="11">
              <value>
                <![CDATA[Peru]]>
              </value>
            </param>
          </params>
          <reporter-output>
          </reporter-output>
        </test-method> <!-- fillDetails -->
        <test-method signature="fillDetails(java.lang.String,java.lang.String,java.lang.String,java.lang.String,java.lang.String,java.lang.String,java.lang.String,java.lang.String,java.lang.String,java.lang.String,java.lang.String,java.lang.String)[pri:0, instance:Task3.Task3.RegisterTest@36902638]" started-at="2024-03-25T21:46:59 IST" name="fillDetails" data-provider="testdata" finished-at="2024-03-25T21:47:07 IST" duration-ms="8149" status="PASS">
          <params>
            <param index="0">
              <value>
                <![CDATA[4348]]>
              </value>
            </param>
            <param index="1">
              <value>
                <![CDATA[TKU62FEJ2QU]]>
              </value>
            </param>
            <param index="2">
              <value>
                <![CDATA[Petra]]>
              </value>
            </param>
            <param index="3">
              <value>
                <![CDATA[Matthew]]>
              </value>
            </param>
            <param index="4">
              <value>
                <![CDATA[augue.scelerisque@yahoo.org]]>
              </value>
            </param>
            <param index="5">
              <value>
                <![CDATA[1-650-841-4825]]>
              </value>
            </param>
            <param index="6">
              <value>
                <![CDATA[Ap #487-7048 Eget Rd.]]>
              </value>
            </param>
            <param index="7">
              <value>
                <![CDATA[498-9814 Dolor. St.]]>
              </value>
            </param>
            <param index="8">
              <value>
                <![CDATA[Chernihiv]]>
              </value>
            </param>
            <param index="9">
              <value>
                <![CDATA[Valle d'Aosta]]>
              </value>
            </param>
            <param index="10">
              <value>
                <![CDATA[25347]]>
              </value>
            </param>
            <param index="11">
              <value>
                <![CDATA[Vietnam]]>
              </value>
            </param>
          </params>
          <reporter-output>
          </reporter-output>
        </test-method> <!-- fillDetails -->
        <test-method signature="fillDetails(java.lang.String,java.lang.String,java.lang.String,java.lang.String,java.lang.String,java.lang.String,java.lang.String,java.lang.String,java.lang.String,java.lang.String,java.lang.String,java.lang.String)[pri:0, instance:Task3.Task3.RegisterTest@36902638]" started-at="2024-03-25T21:47:07 IST" name="fillDetails" data-provider="testdata" finished-at="2024-03-25T21:47:14 IST" duration-ms="6869" status="PASS">
          <params>
            <param index="0">
              <value>
                <![CDATA[2589]]>
              </value>
            </param>
            <param index="1">
              <value>
                <![CDATA[ZOO55YIJ5MD]]>
              </value>
            </param>
            <param index="2">
              <value>
                <![CDATA[Nicholas]]>
              </value>
            </param>
            <param index="3">
              <value>
                <![CDATA[Sonia]]>
              </value>
            </param>
            <param index="4">
              <value>
                <![CDATA[nunc.sed.pede@yahoo.com]]>
              </value>
            </param>
            <param index="5">
              <value>
                <![CDATA[1-994-278-2681]]>
              </value>
            </param>
            <param index="6">
              <value>
                <![CDATA[4461 Enim Av.]]>
              </value>
            </param>
            <param index="7">
              <value>
                <![CDATA[Ap #927-2434 Arcu Road]]>
              </value>
            </param>
            <param index="8">
              <value>
                <![CDATA[Skövde]]>
              </value>
            </param>
            <param index="9">
              <value>
                <![CDATA[San Luis Potosí]]>
              </value>
            </param>
            <param index="10">
              <value>
                <![CDATA[60004]]>
              </value>
            </param>
            <param index="11">
              <value>
                <![CDATA[Pakistan]]>
              </value>
            </param>
          </params>
          <reporter-output>
          </reporter-output>
        </test-method> <!-- fillDetails -->
        <test-method signature="fillDetails(java.lang.String,java.lang.String,java.lang.String,java.lang.String,java.lang.String,java.lang.String,java.lang.String,java.lang.String,java.lang.String,java.lang.String,java.lang.String,java.lang.String)[pri:0, instance:Task3.Task3.RegisterTest@36902638]" started-at="2024-03-25T21:47:14 IST" name="fillDetails" data-provider="testdata" finished-at="2024-03-25T21:47:21 IST" duration-ms="6593" status="PASS">
          <params>
            <param index="0">
              <value>
                <![CDATA[3424]]>
              </value>
            </param>
            <param index="1">
              <value>
                <![CDATA[NHW59KAA9MN]]>
              </value>
            </param>
            <param index="2">
              <value>
                <![CDATA[Shoshana]]>
              </value>
            </param>
            <param index="3">
              <value>
                <![CDATA[Jasper]]>
              </value>
            </param>
            <param index="4">
              <value>
                <![CDATA[eu.arcu@google.couk]]>
              </value>
            </param>
            <param index="5">
              <value>
                <![CDATA[1-669-430-6989]]>
              </value>
            </param>
            <param index="6">
              <value>
                <![CDATA[Ap #665-3372 Sed Rd.]]>
              </value>
            </param>
            <param index="7">
              <value>
                <![CDATA["985-8761 Est]]>
              </value>
            </param>
            <param index="8">
              <value>
                <![CDATA[ Av."]]>
              </value>
            </param>
            <param index="9">
              <value>
                <![CDATA[Reutlingen]]>
              </value>
            </param>
            <param index="10">
              <value>
                <![CDATA[Warmińsko-mazurskie]]>
              </value>
            </param>
            <param index="11">
              <value>
                <![CDATA[0138 UP]]>
              </value>
            </param>
          </params>
          <reporter-output>
          </reporter-output>
        </test-method> <!-- fillDetails -->
        <test-method signature="fillDetails(java.lang.String,java.lang.String,java.lang.String,java.lang.String,java.lang.String,java.lang.String,java.lang.String,java.lang.String,java.lang.String,java.lang.String,java.lang.String,java.lang.String)[pri:0, instance:Task3.Task3.RegisterTest@36902638]" started-at="2024-03-25T21:47:21 IST" name="fillDetails" data-provider="testdata" finished-at="2024-03-25T21:47:28 IST" duration-ms="7036" status="PASS">
          <params>
            <param index="0">
              <value>
                <![CDATA[4195]]>
              </value>
            </param>
            <param index="1">
              <value>
                <![CDATA[UDJ31CPV4LY]]>
              </value>
            </param>
            <param index="2">
              <value>
                <![CDATA[Charles]]>
              </value>
            </param>
            <param index="3">
              <value>
                <![CDATA[Daryl]]>
              </value>
            </param>
            <param index="4">
              <value>
                <![CDATA[ut.odio.vel@hotmail.ca]]>
              </value>
            </param>
            <param index="5">
              <value>
                <![CDATA[1-873-420-6155]]>
              </value>
            </param>
            <param index="6">
              <value>
                <![CDATA["P.O. Box 658]]>
              </value>
            </param>
            <param index="7">
              <value>
                <![CDATA[ 106 Lacinia Rd."]]>
              </value>
            </param>
            <param index="8">
              <value>
                <![CDATA[806-7719 Blandit St.]]>
              </value>
            </param>
            <param index="9">
              <value>
                <![CDATA[Okene]]>
              </value>
            </param>
            <param index="10">
              <value>
                <![CDATA[East Nusa Tenggara]]>
              </value>
            </param>
            <param index="11">
              <value>
                <![CDATA[8123]]>
              </value>
            </param>
          </params>
          <reporter-output>
          </reporter-output>
        </test-method> <!-- fillDetails -->
        <test-method signature="fillDetails(java.lang.String,java.lang.String,java.lang.String,java.lang.String,java.lang.String,java.lang.String,java.lang.String,java.lang.String,java.lang.String,java.lang.String,java.lang.String,java.lang.String)[pri:0, instance:Task3.Task3.RegisterTest@36902638]" started-at="2024-03-25T21:47:28 IST" name="fillDetails" data-provider="testdata" finished-at="2024-03-25T21:47:38 IST" duration-ms="10168" status="PASS">
          <params>
            <param index="0">
              <value>
                <![CDATA[2197]]>
              </value>
            </param>
            <param index="1">
              <value>
                <![CDATA[KUQ06ZJH4DB]]>
              </value>
            </param>
            <param index="2">
              <value>
                <![CDATA[Grady]]>
              </value>
            </param>
            <param index="3">
              <value>
                <![CDATA[Fulton]]>
              </value>
            </param>
            <param index="4">
              <value>
                <![CDATA[lobortis.risus@icloud.edu]]>
              </value>
            </param>
            <param index="5">
              <value>
                <![CDATA[353-4797]]>
              </value>
            </param>
            <param index="6">
              <value>
                <![CDATA[715-3005 Convallis Rd.]]>
              </value>
            </param>
            <param index="7">
              <value>
                <![CDATA[Ap #696-4447 Vitae Road]]>
              </value>
            </param>
            <param index="8">
              <value>
                <![CDATA[Santa Cruz de Tenerife]]>
              </value>
            </param>
            <param index="9">
              <value>
                <![CDATA[Rogaland]]>
              </value>
            </param>
            <param index="10">
              <value>
                <![CDATA[01880]]>
              </value>
            </param>
            <param index="11">
              <value>
                <![CDATA[Colombia]]>
              </value>
            </param>
          </params>
          <reporter-output>
          </reporter-output>
        </test-method> <!-- fillDetails -->
        <test-method signature="fillDetails(java.lang.String,java.lang.String,java.lang.String,java.lang.String,java.lang.String,java.lang.String,java.lang.String,java.lang.String,java.lang.String,java.lang.String,java.lang.String,java.lang.String)[pri:0, instance:Task3.Task3.RegisterTest@36902638]" started-at="2024-03-25T21:47:38 IST" name="fillDetails" data-provider="testdata" finished-at="2024-03-25T21:47:47 IST" duration-ms="8845" status="PASS">
          <params>
            <param index="0">
              <value>
                <![CDATA[4952]]>
              </value>
            </param>
            <param index="1">
              <value>
                <![CDATA[OLF22FHQ3YA]]>
              </value>
            </param>
            <param index="2">
              <value>
                <![CDATA[Elton]]>
              </value>
            </param>
            <param index="3">
              <value>
                <![CDATA[Hiroko]]>
              </value>
            </param>
            <param index="4">
              <value>
                <![CDATA[sed@yahoo.ca]]>
              </value>
            </param>
            <param index="5">
              <value>
                <![CDATA[1-507-677-5750]]>
              </value>
            </param>
            <param index="6">
              <value>
                <![CDATA[4123 Nisl Road]]>
              </value>
            </param>
            <param index="7">
              <value>
                <![CDATA["P.O. Box 828]]>
              </value>
            </param>
            <param index="8">
              <value>
                <![CDATA[ 4739 Nulla St."]]>
              </value>
            </param>
            <param index="9">
              <value>
                <![CDATA[Huesca]]>
              </value>
            </param>
            <param index="10">
              <value>
                <![CDATA[Principado de Asturias]]>
              </value>
            </param>
            <param index="11">
              <value>
                <![CDATA[895396]]>
              </value>
            </param>
          </params>
          <reporter-output>
          </reporter-output>
        </test-method> <!-- fillDetails -->
        <test-method signature="fillDetails(java.lang.String,java.lang.String,java.lang.String,java.lang.String,java.lang.String,java.lang.String,java.lang.String,java.lang.String,java.lang.String,java.lang.String,java.lang.String,java.lang.String)[pri:0, instance:Task3.Task3.RegisterTest@36902638]" started-at="2024-03-25T21:47:47 IST" name="fillDetails" data-provider="testdata" finished-at="2024-03-25T21:47:55 IST" duration-ms="7701" status="PASS">
          <params>
            <param index="0">
              <value>
                <![CDATA[1994]]>
              </value>
            </param>
            <param index="1">
              <value>
                <![CDATA[SKA22QOM7EK]]>
              </value>
            </param>
            <param index="2">
              <value>
                <![CDATA[Aurora]]>
              </value>
            </param>
            <param index="3">
              <value>
                <![CDATA[Azalia]]>
              </value>
            </param>
            <param index="4">
              <value>
                <![CDATA[posuere.at@google.net]]>
              </value>
            </param>
            <param index="5">
              <value>
                <![CDATA[1-233-262-9323]]>
              </value>
            </param>
            <param index="6">
              <value>
                <![CDATA[904-7469 Fusce Road]]>
              </value>
            </param>
            <param index="7">
              <value>
                <![CDATA[Ap #536-1929 Sit Ave]]>
              </value>
            </param>
            <param index="8">
              <value>
                <![CDATA[Mo i Rana]]>
              </value>
            </param>
            <param index="9">
              <value>
                <![CDATA[Khyber Pakhtoonkhwa]]>
              </value>
            </param>
            <param index="10">
              <value>
                <![CDATA[1680]]>
              </value>
            </param>
            <param index="11">
              <value>
                <![CDATA[Peru]]>
              </value>
            </param>
          </params>
          <reporter-output>
          </reporter-output>
        </test-method> <!-- fillDetails -->
        <test-method signature="fillDetails(java.lang.String,java.lang.String,java.lang.String,java.lang.String,java.lang.String,java.lang.String,java.lang.String,java.lang.String,java.lang.String,java.lang.String,java.lang.String,java.lang.String)[pri:0, instance:Task3.Task3.RegisterTest@36902638]" started-at="2024-03-25T21:47:55 IST" name="fillDetails" data-provider="testdata" finished-at="2024-03-25T21:48:02 IST" duration-ms="7451" status="PASS">
          <params>
            <param index="0">
              <value>
                <![CDATA[3944]]>
              </value>
            </param>
            <param index="1">
              <value>
                <![CDATA[QJI04XUJ5YY]]>
              </value>
            </param>
            <param index="2">
              <value>
                <![CDATA[Noble]]>
              </value>
            </param>
            <param index="3">
              <value>
                <![CDATA[Oleg]]>
              </value>
            </param>
            <param index="4">
              <value>
                <![CDATA[vitae.purus@hotmail.ca]]>
              </value>
            </param>
            <param index="5">
              <value>
                <![CDATA[1-374-372-6453]]>
              </value>
            </param>
            <param index="6">
              <value>
                <![CDATA[369-2418 Curabitur Road]]>
              </value>
            </param>
            <param index="7">
              <value>
                <![CDATA[Ap #353-8742 Nec Ave]]>
              </value>
            </param>
            <param index="8">
              <value>
                <![CDATA[Ovalle]]>
              </value>
            </param>
            <param index="9">
              <value>
                <![CDATA[Osun]]>
              </value>
            </param>
            <param index="10">
              <value>
                <![CDATA[ZK5 1OC]]>
              </value>
            </param>
            <param index="11">
              <value>
                <![CDATA[Norway]]>
              </value>
            </param>
          </params>
          <reporter-output>
          </reporter-output>
        </test-method> <!-- fillDetails -->
      </class> <!-- Task3.Task3.RegisterTest -->
    </test> <!-- Default test -->
  </suite> <!-- Default suite -->
</testng-results>
